<?xml version="1.0" encoding="UTF-8"?>
<testng-results ignored="0" total="1" passed="1" failed="0" skipped="0">
  <reporter-output>
  </reporter-output>
  <suite started-at="2022-06-06T02:27:19 IST" name="FREE CRM Application Test Automation Test Suite" finished-at="2022-06-06T02:27:23 IST" duration-ms="3322">
    <groups>
    </groups>
    <test started-at="2022-06-06T02:27:19 IST" name="GET API Test Cases" finished-at="2022-06-06T02:27:23 IST" duration-ms="3322">
      <class name="com.api.test.Test07_GET_Param">
        <test-method signature="test_GET01()[pri:0, instance:com.api.test.Test07_GET_Param@1b1473ab]" started-at="2022-06-06T02:27:19 IST" name="test_GET01" finished-at="2022-06-06T02:27:23 IST" duration-ms="3271" status="PASS">
          <reporter-output>
          </reporter-output>
        </test-method> <!-- test_GET01 -->
      </class> <!-- com.api.test.Test07_GET_Param -->
    </test> <!-- GET API Test Cases -->
  </suite> <!-- FREE CRM Application Test Automation Test Suite -->
</testng-results>
